<?xml version="1.0" encoding="UTF-8"?>
<!-- Generated by org.testng.reporters.JUnitReportReporter -->
<testsuite hostname="Skeels-PC" failures="0" tests="1" name="ecom.qa.tests.SainsbTest" time="33.672" errors="0" timestamp="2025-01-31T12:35:45 GMT" skipped="0">
  <testcase classname="ecom.qa.tests.SainsbTest" name="testTescoShopping" time="33.672"/>
  <system-out/>
</testsuite> <!-- ecom.qa.tests.SainsbTest -->
